
C:\Users\Parker\source\repos\MVE\x64\Debug\boost_filesystem-vc142-mt-gd-x64-1_82.dll
C:\Users\Parker\source\repos\MVE\x64\Debug\opencv_calib3d4d.dll
C:\Users\Parker\source\repos\MVE\x64\Debug\opencv_features2d4d.dll
C:\Users\Parker\source\repos\MVE\x64\Debug\opencv_flann4d.dll
C:\Users\Parker\source\repos\MVE\x64\Debug\opencv_core4d.dll
C:\Users\Parker\source\repos\MVE\x64\Debug\zlibd1.dll
C:\Users\Parker\source\repos\MVE\x64\Debug\opencv_imgproc4d.dll
C:\Users\Parker\source\repos\MVE\x64\Debug\opencv_highgui4d.dll
C:\Users\Parker\source\repos\MVE\x64\Debug\opencv_videoio4d.dll
C:\Users\Parker\source\repos\MVE\x64\Debug\opencv_imgcodecs4d.dll
C:\Users\Parker\source\repos\MVE\x64\Debug\jpeg62.dll
C:\Users\Parker\source\repos\MVE\x64\Debug\libwebpdecoder.dll
C:\Users\Parker\source\repos\MVE\x64\Debug\libwebp.dll
C:\Users\Parker\source\repos\MVE\x64\Debug\libsharpyuv.dll
C:\Users\Parker\source\repos\MVE\x64\Debug\libpng16d.dll
C:\Users\Parker\source\repos\MVE\x64\Debug\tiffd.dll
C:\Users\Parker\source\repos\MVE\x64\Debug\liblzma.dll
C:\Users\Parker\source\repos\MVE\x64\Debug\pcl_commond.dll
C:\Users\Parker\source\repos\MVE\x64\Debug\pcl_featuresd.dll
C:\Users\Parker\source\repos\MVE\x64\Debug\pcl_filtersd.dll
C:\Users\Parker\source\repos\MVE\x64\Debug\pcl_sample_consensusd.dll
C:\Users\Parker\source\repos\MVE\x64\Debug\pcl_searchd.dll
C:\Users\Parker\source\repos\MVE\x64\Debug\pcl_octreed.dll
C:\Users\Parker\source\repos\MVE\x64\Debug\pcl_kdtreed.dll
C:\Users\Parker\source\repos\MVE\x64\Debug\lz4d.dll
C:\Users\Parker\source\repos\MVE\x64\Debug\pcl_iod.dll
C:\Users\Parker\source\repos\MVE\x64\Debug\boost_iostreams-vc142-mt-gd-x64-1_82.dll
C:\Users\Parker\source\repos\MVE\x64\Debug\bz2d.dll
C:\Users\Parker\source\repos\MVE\x64\Debug\zstd.dll
C:\Users\Parker\source\repos\MVE\x64\Debug\pcl_io_plyd.dll
C:\Users\Parker\source\repos\MVE\x64\Debug\pcl_surfaced.dll
C:\Users\Parker\source\repos\MVE\x64\Debug\qhull_rd.dll
